<?xml version="1.0" encoding="UTF-8"?>
<!-- Generated by org.testng.reporters.JUnitReportReporter -->
<testsuite hostname="Arete-GFF00J3" failures="0" tests="4" name="api.test.UserTests2" time="10.386" errors="0" timestamp="2024-02-27T18:47:52 IST" skipped="0">
  <testcase classname="api.test.UserTests2" name="testPostUser" time="3.958"/>
  <testcase classname="api.test.UserTests2" name="testGetUserByName" time="1.491"/>
  <testcase classname="api.test.UserTests2" name="testUpdateUserByName" time="3.448"/>
  <testcase classname="api.test.UserTests2" name="testDeleteUserByName" time="1.489"/>
</testsuite> <!-- api.test.UserTests2 -->
