<?xml version="1.0" encoding="UTF-8"?>
<!-- Generated by org.testng.reporters.JUnitReportReporter -->
<testsuite hostname="Arete-GFF00J3" failures="0" tests="6" name="api.test.DDTests" time="10.189" errors="0" timestamp="2024-05-21T11:24:49 IST" skipped="0">
  <testcase classname="api.test.DDTests" name="testPostUser" time="1.382"/>
  <testcase classname="api.test.DDTests" name="testPostUser" time="3.141"/>
  <testcase classname="api.test.DDTests" name="testPostUser" time="1.439"/>
  <testcase classname="api.test.DDTests" name="testDeleteUserByName" time="1.374"/>
  <testcase classname="api.test.DDTests" name="testDeleteUserByName" time="1.429"/>
  <testcase classname="api.test.DDTests" name="testDeleteUserByName" time="1.424"/>
</testsuite> <!-- api.test.DDTests -->
